<?xml version="1.0" encoding="UTF-8"?>
<!-- Generated by org.testng.reporters.JUnitXMLReporter -->
<testsuite hostname="LAPTOP-8PIQVS4A" name="Test3" tests="1" failures="1" timestamp="11 Nov 2019 21:31:57 GMT" time="14.318" errors="0">
  <testcase name="basePageNavigation" time="0.075" classname="com.mycompany.app.ValidateTitle">
    <failure type="java.lang.AssertionError" message="expected [Featured Courses 1234] but found [FEATURED COURSES]">
      <![CDATA[java.lang.AssertionError: expected [Featured Courses 1234] but found [FEATURED COURSES]
	at com.mycompany.app.ValidateTitle.basePageNavigation(ValidateTitle.java:25)
... Removed 29 stack frames]]>
    </failure>
  </testcase> <!-- basePageNavigation -->
</testsuite> <!-- Test3 -->
