<?xml version="1.0" encoding="UTF-8"?>
<!-- Generated by org.testng.reporters.JUnitReportReporter -->
<testsuite hostname="LAPTOP-8PIQVS4A" name="com.mycompany.app.HomePage" tests="2" failures="2" timestamp="12 Nov 2019 09:37:13 GMT" time="0.002" errors="0">
  <testcase name="basePageNavigation" time="0.001" classname="com.mycompany.app.HomePage">
    <failure type="org.openqa.selenium.SessionNotCreatedException" message="session not created: This version of ChromeDriver only supports Chrome version 76
Build info: version: &#039;3.141.59&#039;, revision: &#039;e82be7d358&#039;, time: &#039;2018-11-14T08:17:03&#039;
System info: host: &#039;LAPTOP-8PIQVS4A&#039;, ip: &#039;192.168.178.152&#039;, os.name: &#039;Windows 10&#039;, os.arch: &#039;amd64&#039;, os.version: &#039;10.0&#039;, java.version: &#039;1.8.0_221&#039;
Driver info: driver.version: ChromeDriver
remote stacktrace: Backtrace:
	Ordinal0 [0x00BE7C53+1473619]
	Ordinal0 [0x00B6AD71+961905]
	Ordinal0 [0x00AF42B3+475827]
	Ordinal0 [0x00A8F365+62309]
	Ordinal0 [0x00A8BC77+48247]
	Ordinal0 [0x00AA9149+168265]
	Ordinal0 [0x00AA8D1D+167197]
	Ordinal0 [0x00AA742B+160811]
	Ordinal0 [0x00A90AE6+68326]
	Ordinal0 [0x00A91BF0+72688]
	Ordinal0 [0x00A91B89+72585]
	Ordinal0 [0x00B84B37+1067831]
	GetHandleVerifier [0x00C86845+506677]
	GetHandleVerifier [0x00C865E0+506064]
	GetHandleVerifier [0x00C8D188+533624]
	GetHandleVerifier [0x00C8701A+508682]
	Ordinal0 [0x00B7C226+1032742]
	Ordinal0 [0x00B7C09F+1032351]
	Ordinal0 [0x00B86A4B+1075787]
	Ordinal0 [0x00B86BB3+1076147]
	Ordinal0 [0x00B85B65+1071973]
	BaseThreadInitThunk [0x77316359+25]
	RtlGetAppContainerNamedObjectPath [0x77457B74+228]
	RtlGetAppContainerNamedObjectPath [0x77457B44+180]
">
      <![CDATA[org.openqa.selenium.SessionNotCreatedException: session not created: This version of ChromeDriver only supports Chrome version 76
Build info: version: '3.141.59', revision: 'e82be7d358', time: '2018-11-14T08:17:03'
System info: host: 'LAPTOP-8PIQVS4A', ip: '192.168.178.152', os.name: 'Windows 10', os.arch: 'amd64', os.version: '10.0', java.version: '1.8.0_221'
Driver info: driver.version: ChromeDriver
remote stacktrace: Backtrace:
	Ordinal0 [0x00BE7C53+1473619]
	Ordinal0 [0x00B6AD71+961905]
	Ordinal0 [0x00AF42B3+475827]
	Ordinal0 [0x00A8F365+62309]
	Ordinal0 [0x00A8BC77+48247]
	Ordinal0 [0x00AA9149+168265]
	Ordinal0 [0x00AA8D1D+167197]
	Ordinal0 [0x00AA742B+160811]
	Ordinal0 [0x00A90AE6+68326]
	Ordinal0 [0x00A91BF0+72688]
	Ordinal0 [0x00A91B89+72585]
	Ordinal0 [0x00B84B37+1067831]
	GetHandleVerifier [0x00C86845+506677]
	GetHandleVerifier [0x00C865E0+506064]
	GetHandleVerifier [0x00C8D188+533624]
	GetHandleVerifier [0x00C8701A+508682]
	Ordinal0 [0x00B7C226+1032742]
	Ordinal0 [0x00B7C09F+1032351]
	Ordinal0 [0x00B86A4B+1075787]
	Ordinal0 [0x00B86BB3+1076147]
	Ordinal0 [0x00B85B65+1071973]
	BaseThreadInitThunk [0x77316359+25]
	RtlGetAppContainerNamedObjectPath [0x77457B74+228]
	RtlGetAppContainerNamedObjectPath [0x77457B44+180]

	at sun.reflect.NativeConstructorAccessorImpl.newInstance0(Native Method)
	at sun.reflect.NativeConstructorAccessorImpl.newInstance(Unknown Source)
	at sun.reflect.DelegatingConstructorAccessorImpl.newInstance(Unknown Source)
	at java.lang.reflect.Constructor.newInstance(Unknown Source)
	at org.openqa.selenium.remote.W3CHandshakeResponse.lambda$errorHandler$0(W3CHandshakeResponse.java:62)
	at org.openqa.selenium.remote.HandshakeResponse.lambda$getResponseFunction$0(HandshakeResponse.java:30)
	at org.openqa.selenium.remote.ProtocolHandshake.lambda$createSession$0(ProtocolHandshake.java:126)
	at java.util.stream.ReferencePipeline$3$1.accept(Unknown Source)
	at java.util.Spliterators$ArraySpliterator.tryAdvance(Unknown Source)
	at java.util.stream.ReferencePipeline.forEachWithCancel(Unknown Source)
	at java.util.stream.AbstractPipeline.copyIntoWithCancel(Unknown Source)
	at java.util.stream.AbstractPipeline.copyInto(Unknown Source)
	at java.util.stream.AbstractPipeline.wrapAndCopyInto(Unknown Source)
	at java.util.stream.FindOps$FindOp.evaluateSequential(Unknown Source)
	at java.util.stream.AbstractPipeline.evaluate(Unknown Source)
	at java.util.stream.ReferencePipeline.findFirst(Unknown Source)
	at org.openqa.selenium.remote.ProtocolHandshake.createSession(ProtocolHandshake.java:128)
	at org.openqa.selenium.remote.ProtocolHandshake.createSession(ProtocolHandshake.java:74)
	at org.openqa.selenium.remote.HttpCommandExecutor.execute(HttpCommandExecutor.java:136)
	at org.openqa.selenium.remote.service.DriverCommandExecutor.execute(DriverCommandExecutor.java:83)
	at org.openqa.selenium.remote.RemoteWebDriver.execute(RemoteWebDriver.java:552)
	at org.openqa.selenium.remote.RemoteWebDriver.startSession(RemoteWebDriver.java:213)
	at org.openqa.selenium.remote.RemoteWebDriver.<init>(RemoteWebDriver.java:131)
	at org.openqa.selenium.chrome.ChromeDriver.<init>(ChromeDriver.java:181)
	at org.openqa.selenium.chrome.ChromeDriver.<init>(ChromeDriver.java:168)
	at org.openqa.selenium.chrome.ChromeDriver.<init>(ChromeDriver.java:123)
	at resources.base.initialiseDriver(base.java:41)
	at com.mycompany.app.HomePage.initialize(HomePage.java:27)
	at sun.reflect.NativeMethodAccessorImpl.invoke0(Native Method)
	at sun.reflect.NativeMethodAccessorImpl.invoke(Unknown Source)
	at sun.reflect.DelegatingMethodAccessorImpl.invoke(Unknown Source)
	at java.lang.reflect.Method.invoke(Unknown Source)
	at org.testng.internal.MethodInvocationHelper.invokeMethod(MethodInvocationHelper.java:80)
	at org.testng.internal.Invoker.invokeConfigurationMethod(Invoker.java:564)
	at org.testng.internal.Invoker.invokeConfigurations(Invoker.java:213)
	at org.testng.internal.Invoker.invokeConfigurations(Invoker.java:138)
	at org.testng.TestRunner.beforeRun(TestRunner.java:641)
	at org.testng.TestRunner.run(TestRunner.java:609)
	at org.testng.SuiteRunner.runTest(SuiteRunner.java:334)
	at org.testng.SuiteRunner.runSequentially(SuiteRunner.java:329)
	at org.testng.SuiteRunner.privateRun(SuiteRunner.java:291)
	at org.testng.SuiteRunner.run(SuiteRunner.java:240)
	at org.testng.SuiteRunnerWorker.runSuite(SuiteRunnerWorker.java:52)
	at org.testng.SuiteRunnerWorker.run(SuiteRunnerWorker.java:86)
	at org.testng.TestNG.runSuitesSequentially(TestNG.java:1198)
	at org.testng.TestNG.runSuitesLocally(TestNG.java:1123)
	at org.testng.TestNG.run(TestNG.java:1031)
	at org.testng.remote.AbstractRemoteTestNG.run(AbstractRemoteTestNG.java:115)
	at org.testng.remote.RemoteTestNG.initAndRun(RemoteTestNG.java:251)
	at org.testng.remote.RemoteTestNG.main(RemoteTestNG.java:77)
]]>
    </failure>
  </testcase> <!-- basePageNavigation -->
  <testcase name="basePageNavigation" time="0.001" classname="com.mycompany.app.HomePage">
    <failure type="org.openqa.selenium.SessionNotCreatedException" message="session not created: This version of ChromeDriver only supports Chrome version 76
Build info: version: &#039;3.141.59&#039;, revision: &#039;e82be7d358&#039;, time: &#039;2018-11-14T08:17:03&#039;
System info: host: &#039;LAPTOP-8PIQVS4A&#039;, ip: &#039;192.168.178.152&#039;, os.name: &#039;Windows 10&#039;, os.arch: &#039;amd64&#039;, os.version: &#039;10.0&#039;, java.version: &#039;1.8.0_221&#039;
Driver info: driver.version: ChromeDriver
remote stacktrace: Backtrace:
	Ordinal0 [0x00BE7C53+1473619]
	Ordinal0 [0x00B6AD71+961905]
	Ordinal0 [0x00AF42B3+475827]
	Ordinal0 [0x00A8F365+62309]
	Ordinal0 [0x00A8BC77+48247]
	Ordinal0 [0x00AA9149+168265]
	Ordinal0 [0x00AA8D1D+167197]
	Ordinal0 [0x00AA742B+160811]
	Ordinal0 [0x00A90AE6+68326]
	Ordinal0 [0x00A91BF0+72688]
	Ordinal0 [0x00A91B89+72585]
	Ordinal0 [0x00B84B37+1067831]
	GetHandleVerifier [0x00C86845+506677]
	GetHandleVerifier [0x00C865E0+506064]
	GetHandleVerifier [0x00C8D188+533624]
	GetHandleVerifier [0x00C8701A+508682]
	Ordinal0 [0x00B7C226+1032742]
	Ordinal0 [0x00B7C09F+1032351]
	Ordinal0 [0x00B86A4B+1075787]
	Ordinal0 [0x00B86BB3+1076147]
	Ordinal0 [0x00B85B65+1071973]
	BaseThreadInitThunk [0x77316359+25]
	RtlGetAppContainerNamedObjectPath [0x77457B74+228]
	RtlGetAppContainerNamedObjectPath [0x77457B44+180]
">
      <![CDATA[org.openqa.selenium.SessionNotCreatedException: session not created: This version of ChromeDriver only supports Chrome version 76
Build info: version: '3.141.59', revision: 'e82be7d358', time: '2018-11-14T08:17:03'
System info: host: 'LAPTOP-8PIQVS4A', ip: '192.168.178.152', os.name: 'Windows 10', os.arch: 'amd64', os.version: '10.0', java.version: '1.8.0_221'
Driver info: driver.version: ChromeDriver
remote stacktrace: Backtrace:
	Ordinal0 [0x00BE7C53+1473619]
	Ordinal0 [0x00B6AD71+961905]
	Ordinal0 [0x00AF42B3+475827]
	Ordinal0 [0x00A8F365+62309]
	Ordinal0 [0x00A8BC77+48247]
	Ordinal0 [0x00AA9149+168265]
	Ordinal0 [0x00AA8D1D+167197]
	Ordinal0 [0x00AA742B+160811]
	Ordinal0 [0x00A90AE6+68326]
	Ordinal0 [0x00A91BF0+72688]
	Ordinal0 [0x00A91B89+72585]
	Ordinal0 [0x00B84B37+1067831]
	GetHandleVerifier [0x00C86845+506677]
	GetHandleVerifier [0x00C865E0+506064]
	GetHandleVerifier [0x00C8D188+533624]
	GetHandleVerifier [0x00C8701A+508682]
	Ordinal0 [0x00B7C226+1032742]
	Ordinal0 [0x00B7C09F+1032351]
	Ordinal0 [0x00B86A4B+1075787]
	Ordinal0 [0x00B86BB3+1076147]
	Ordinal0 [0x00B85B65+1071973]
	BaseThreadInitThunk [0x77316359+25]
	RtlGetAppContainerNamedObjectPath [0x77457B74+228]
	RtlGetAppContainerNamedObjectPath [0x77457B44+180]

	at sun.reflect.NativeConstructorAccessorImpl.newInstance0(Native Method)
	at sun.reflect.NativeConstructorAccessorImpl.newInstance(Unknown Source)
	at sun.reflect.DelegatingConstructorAccessorImpl.newInstance(Unknown Source)
	at java.lang.reflect.Constructor.newInstance(Unknown Source)
	at org.openqa.selenium.remote.W3CHandshakeResponse.lambda$errorHandler$0(W3CHandshakeResponse.java:62)
	at org.openqa.selenium.remote.HandshakeResponse.lambda$getResponseFunction$0(HandshakeResponse.java:30)
	at org.openqa.selenium.remote.ProtocolHandshake.lambda$createSession$0(ProtocolHandshake.java:126)
	at java.util.stream.ReferencePipeline$3$1.accept(Unknown Source)
	at java.util.Spliterators$ArraySpliterator.tryAdvance(Unknown Source)
	at java.util.stream.ReferencePipeline.forEachWithCancel(Unknown Source)
	at java.util.stream.AbstractPipeline.copyIntoWithCancel(Unknown Source)
	at java.util.stream.AbstractPipeline.copyInto(Unknown Source)
	at java.util.stream.AbstractPipeline.wrapAndCopyInto(Unknown Source)
	at java.util.stream.FindOps$FindOp.evaluateSequential(Unknown Source)
	at java.util.stream.AbstractPipeline.evaluate(Unknown Source)
	at java.util.stream.ReferencePipeline.findFirst(Unknown Source)
	at org.openqa.selenium.remote.ProtocolHandshake.createSession(ProtocolHandshake.java:128)
	at org.openqa.selenium.remote.ProtocolHandshake.createSession(ProtocolHandshake.java:74)
	at org.openqa.selenium.remote.HttpCommandExecutor.execute(HttpCommandExecutor.java:136)
	at org.openqa.selenium.remote.service.DriverCommandExecutor.execute(DriverCommandExecutor.java:83)
	at org.openqa.selenium.remote.RemoteWebDriver.execute(RemoteWebDriver.java:552)
	at org.openqa.selenium.remote.RemoteWebDriver.startSession(RemoteWebDriver.java:213)
	at org.openqa.selenium.remote.RemoteWebDriver.<init>(RemoteWebDriver.java:131)
	at org.openqa.selenium.chrome.ChromeDriver.<init>(ChromeDriver.java:181)
	at org.openqa.selenium.chrome.ChromeDriver.<init>(ChromeDriver.java:168)
	at org.openqa.selenium.chrome.ChromeDriver.<init>(ChromeDriver.java:123)
	at resources.base.initialiseDriver(base.java:41)
	at com.mycompany.app.HomePage.initialize(HomePage.java:27)
	at sun.reflect.NativeMethodAccessorImpl.invoke0(Native Method)
	at sun.reflect.NativeMethodAccessorImpl.invoke(Unknown Source)
	at sun.reflect.DelegatingMethodAccessorImpl.invoke(Unknown Source)
	at java.lang.reflect.Method.invoke(Unknown Source)
	at org.testng.internal.MethodInvocationHelper.invokeMethod(MethodInvocationHelper.java:80)
	at org.testng.internal.Invoker.invokeConfigurationMethod(Invoker.java:564)
	at org.testng.internal.Invoker.invokeConfigurations(Invoker.java:213)
	at org.testng.internal.Invoker.invokeConfigurations(Invoker.java:138)
	at org.testng.TestRunner.beforeRun(TestRunner.java:641)
	at org.testng.TestRunner.run(TestRunner.java:609)
	at org.testng.SuiteRunner.runTest(SuiteRunner.java:334)
	at org.testng.SuiteRunner.runSequentially(SuiteRunner.java:329)
	at org.testng.SuiteRunner.privateRun(SuiteRunner.java:291)
	at org.testng.SuiteRunner.run(SuiteRunner.java:240)
	at org.testng.SuiteRunnerWorker.runSuite(SuiteRunnerWorker.java:52)
	at org.testng.SuiteRunnerWorker.run(SuiteRunnerWorker.java:86)
	at org.testng.TestNG.runSuitesSequentially(TestNG.java:1198)
	at org.testng.TestNG.runSuitesLocally(TestNG.java:1123)
	at org.testng.TestNG.run(TestNG.java:1031)
	at org.testng.remote.AbstractRemoteTestNG.run(AbstractRemoteTestNG.java:115)
	at org.testng.remote.RemoteTestNG.initAndRun(RemoteTestNG.java:251)
	at org.testng.remote.RemoteTestNG.main(RemoteTestNG.java:77)
]]>
    </failure>
  </testcase> <!-- basePageNavigation -->
</testsuite> <!-- com.mycompany.app.HomePage -->
